[debug] [2021-08-10T08:46:14.114Z] ----------------------------------------------------------------------
[debug] [2021-08-10T08:46:14.117Z] Command:       /usr/bin/node /usr/bin/firebase init hosting
[debug] [2021-08-10T08:46:14.117Z] CLI Version:   9.16.0
[debug] [2021-08-10T08:46:14.117Z] Platform:      linux
[debug] [2021-08-10T08:46:14.117Z] Node Version:  v14.17.4
[debug] [2021-08-10T08:46:14.118Z] Time:          Tue Aug 10 2021 14:16:14 GMT+0530 (India Standard Time)
[debug] [2021-08-10T08:46:14.118Z] ----------------------------------------------------------------------
[debug] 
[debug] [2021-08-10T08:46:14.121Z] > command requires scopes: ["email","openid","https://www.googleapis.com/auth/cloudplatformprojects.readonly","https://www.googleapis.com/auth/firebase","https://www.googleapis.com/auth/cloud-platform"]
[debug] [2021-08-10T08:46:14.122Z] > authorizing via signed-in user (snehakhambal4@gmail.com)
[info] 
     ######## #### ########  ######## ########     ###     ######  ########
     ##        ##  ##     ## ##       ##     ##  ##   ##  ##       ##
     ######    ##  ########  ######   ########  #########  ######  ######
     ##        ##  ##    ##  ##       ##     ## ##     ##       ## ##
     ##       #### ##     ## ######## ########  ##     ##  ######  ########

You're about to initialize a Firebase project in this directory:

  /home/yogesh/projects-Detail

[info] 
=== Project Setup
[info] 
[info] First, let's associate this project directory with a Firebase project.
[info] You can create multiple project aliases by running firebase use --add, 
[info] but for now we'll just set up a default project.
[info] 
[debug] [2021-08-10T08:46:17.147Z] > refreshing access token with scopes: []
[debug] [2021-08-10T08:46:17.148Z] >>> HTTP REQUEST POST https://www.googleapis.com/oauth2/v3/token  
 <request body omitted>
[debug] [2021-08-10T08:46:17.528Z] <<< HTTP RESPONSE 200 {"expires":"Mon, 01 Jan 1990 00:00:00 GMT","cache-control":"no-cache, no-store, max-age=0, must-revalidate","date":"Tue, 10 Aug 2021 08:46:17 GMT","pragma":"no-cache","content-type":"application/json; charset=utf-8","vary":"X-Origin, Referer, Origin,Accept-Encoding","server":"scaffolding on HTTPServer2","x-xss-protection":"0","x-frame-options":"SAMEORIGIN","x-content-type-options":"nosniff","alt-svc":"h3=\":443\"; ma=2592000,h3-29=\":443\"; ma=2592000,h3-T051=\":443\"; ma=2592000,h3-Q050=\":443\"; ma=2592000,h3-Q046=\":443\"; ma=2592000,h3-Q043=\":443\"; ma=2592000,quic=\":443\"; ma=2592000; v=\"46,43\"","accept-ranges":"none","transfer-encoding":"chunked"}
[debug] [2021-08-10T08:46:17.631Z] >>> [apiv2][query] GET https://firebase.googleapis.com/v1beta1/projects pageSize=100
[debug] [2021-08-10T08:46:18.463Z] <<< [apiv2][status] GET https://firebase.googleapis.com/v1beta1/projects 200
[debug] [2021-08-10T08:46:18.463Z] <<< [apiv2][body] GET https://firebase.googleapis.com/v1beta1/projects [omitted]
[info] i  Using project ng-projects-detail (ng-projects-detail) 
[info] 
=== Hosting Setup
[info] 
[info] Your public directory is the folder (relative to your project directory) that
[info] will contain Hosting assets to be uploaded with firebase deploy. If you
[info] have a build process for your assets, use your build's output directory.
[info] 
[debug] [2021-08-10T08:48:03.903Z] >>> [apiv2][query] GET https://www.gstatic.com/firebasejs/releases.json [none]
